2025-04-02 13:57:11,602 - INFO - 
============================================================ 开始训练 ============================================================
2025-04-02 13:57:11,603 - INFO - 
============================================================ 训练初始化 ============================================================
2025-04-02 13:57:11,603 - INFO - 配置名称: base
2025-04-02 13:57:11,603 - INFO - 设备: cuda | AMP: 禁用
2025-04-02 13:57:11,603 - INFO - 学习率: 0.0003 | Batch Size: 32
2025-04-02 13:57:11,603 - INFO - Epochs: 100 | 权重衰减: 1e-05
2025-04-02 13:57:11,603 - INFO - ============================================================
2025-04-02 13:57:11,603 - INFO - 准备数据...
2025-04-02 13:57:11,604 - INFO - 训练样本数: 80 | 验证样本数: 20
2025-04-02 13:57:11,604 - INFO - 初始化模型...
2025-04-02 13:57:12,160 - INFO - 
Epoch 1/100
2025-04-02 13:57:13,034 - INFO - 训练损失: 0.45nm | 验证损失: 0.35nm
2025-04-02 13:57:13,034 - INFO - 当前MAE: 0.74nm | 最佳MAE: infnm
2025-04-02 13:57:13,034 - INFO - ------------------------------------------------------------
2025-04-02 13:57:13,332 - INFO - 发现新最佳模型 ➔ 保存至: saved_models\base\best_model_epoch1_mae0.74.pth
2025-04-02 13:57:13,332 - INFO - 
Epoch 2/100
2025-04-02 13:57:13,677 - INFO - 训练损失: 0.45nm | 验证损失: 0.35nm
2025-04-02 13:57:13,677 - INFO - 当前MAE: 0.73nm | 最佳MAE: 0.74nm
2025-04-02 13:57:13,677 - INFO - ------------------------------------------------------------
2025-04-02 13:57:13,703 - INFO - 已删除旧模型: saved_models\base\best_model_epoch1_mae0.74.pth
2025-04-02 13:57:14,016 - INFO - 发现新最佳模型 ➔ 保存至: saved_models\base\best_model_epoch2_mae0.73.pth
2025-04-02 13:57:14,016 - INFO - 
Epoch 3/100
2025-04-02 13:57:14,356 - INFO - 训练损失: 0.45nm | 验证损失: 0.35nm
2025-04-02 13:57:14,356 - INFO - 当前MAE: 0.73nm | 最佳MAE: 0.73nm
2025-04-02 13:57:14,356 - INFO - ------------------------------------------------------------
2025-04-02 13:57:14,356 - INFO - 
Epoch 4/100
2025-04-02 13:57:14,698 - INFO - 训练损失: 0.46nm | 验证损失: 0.35nm
2025-04-02 13:57:14,698 - INFO - 当前MAE: 0.73nm | 最佳MAE: 0.73nm
2025-04-02 13:57:14,698 - INFO - ------------------------------------------------------------
2025-04-02 13:57:14,723 - INFO - 已删除旧模型: saved_models\base\best_model_epoch2_mae0.73.pth
2025-04-02 13:57:15,031 - INFO - 发现新最佳模型 ➔ 保存至: saved_models\base\best_model_epoch4_mae0.73.pth
2025-04-02 13:57:15,031 - INFO - 
Epoch 5/100
2025-04-02 13:57:15,375 - INFO - 训练损失: 0.43nm | 验证损失: 0.35nm
2025-04-02 13:57:15,375 - INFO - 当前MAE: 0.74nm | 最佳MAE: 0.73nm
2025-04-02 13:57:15,375 - INFO - ------------------------------------------------------------
2025-04-02 13:57:15,375 - INFO - 
Epoch 6/100
2025-04-02 13:57:15,719 - INFO - 训练损失: 0.46nm | 验证损失: 0.35nm
2025-04-02 13:57:15,719 - INFO - 当前MAE: 0.74nm | 最佳MAE: 0.73nm
2025-04-02 13:57:15,719 - INFO - ------------------------------------------------------------
2025-04-02 13:57:15,719 - INFO - 
Epoch 7/100
2025-04-02 13:57:16,068 - INFO - 训练损失: 0.47nm | 验证损失: 0.35nm
2025-04-02 13:57:16,068 - INFO - 当前MAE: 0.74nm | 最佳MAE: 0.73nm
2025-04-02 13:57:16,068 - INFO - ------------------------------------------------------------
2025-04-02 13:57:16,068 - INFO - 
Epoch 8/100
2025-04-02 13:57:16,419 - INFO - 训练损失: 0.46nm | 验证损失: 0.35nm
2025-04-02 13:57:16,419 - INFO - 当前MAE: 0.74nm | 最佳MAE: 0.73nm
2025-04-02 13:57:16,419 - INFO - ------------------------------------------------------------
2025-04-02 13:57:16,419 - INFO - 
Epoch 9/100
2025-04-02 13:57:16,769 - INFO - 训练损失: 0.43nm | 验证损失: 0.35nm
2025-04-02 13:57:16,769 - INFO - 当前MAE: 0.74nm | 最佳MAE: 0.73nm
2025-04-02 13:57:16,769 - INFO - ------------------------------------------------------------
2025-04-02 13:57:16,769 - INFO - 
Epoch 10/100
2025-04-02 13:57:17,112 - INFO - 训练损失: 0.46nm | 验证损失: 0.35nm
2025-04-02 13:57:17,112 - INFO - 当前MAE: 0.74nm | 最佳MAE: 0.73nm
2025-04-02 13:57:17,113 - INFO - ------------------------------------------------------------
2025-04-02 13:57:17,113 - INFO - 
Epoch 11/100
2025-04-02 13:57:17,458 - INFO - 训练损失: 0.43nm | 验证损失: 0.35nm
2025-04-02 13:57:17,458 - INFO - 当前MAE: 0.74nm | 最佳MAE: 0.73nm
2025-04-02 13:57:17,458 - INFO - ------------------------------------------------------------
2025-04-02 13:57:17,458 - INFO - 
Epoch 12/100
2025-04-02 13:57:17,811 - INFO - 训练损失: 0.47nm | 验证损失: 0.35nm
2025-04-02 13:57:17,811 - INFO - 当前MAE: 0.73nm | 最佳MAE: 0.73nm
2025-04-02 13:57:17,813 - INFO - ------------------------------------------------------------
2025-04-02 13:57:17,841 - INFO - 已删除旧模型: saved_models\base\best_model_epoch4_mae0.73.pth
2025-04-02 13:57:18,151 - INFO - 发现新最佳模型 ➔ 保存至: saved_models\base\best_model_epoch12_mae0.73.pth
2025-04-02 13:57:18,151 - INFO - 
Epoch 13/100
2025-04-02 13:57:18,516 - INFO - 训练损失: 0.42nm | 验证损失: 0.35nm
2025-04-02 13:57:18,517 - INFO - 当前MAE: 0.73nm | 最佳MAE: 0.73nm
2025-04-02 13:57:18,517 - INFO - ------------------------------------------------------------
2025-04-02 13:57:18,517 - INFO - 已删除旧模型: saved_models\base\best_model_epoch12_mae0.73.pth
2025-04-02 13:57:18,934 - INFO - 发现新最佳模型 ➔ 保存至: saved_models\base\best_model_epoch13_mae0.73.pth
2025-04-02 13:57:18,934 - INFO - 
Epoch 14/100
2025-04-02 13:57:19,380 - INFO - 训练损失: 0.45nm | 验证损失: 0.35nm
2025-04-02 13:57:19,380 - INFO - 当前MAE: 0.73nm | 最佳MAE: 0.73nm
2025-04-02 13:57:19,380 - INFO - ------------------------------------------------------------
2025-04-02 13:57:19,410 - INFO - 已删除旧模型: saved_models\base\best_model_epoch13_mae0.73.pth
2025-04-02 13:57:19,762 - INFO - 发现新最佳模型 ➔ 保存至: saved_models\base\best_model_epoch14_mae0.73.pth
2025-04-02 13:57:19,762 - INFO - 
Epoch 15/100
2025-04-02 13:57:20,236 - INFO - 训练损失: 0.46nm | 验证损失: 0.35nm
2025-04-02 13:57:20,237 - INFO - 当前MAE: 0.73nm | 最佳MAE: 0.73nm
2025-04-02 13:57:20,237 - INFO - ------------------------------------------------------------
2025-04-02 13:57:20,237 - INFO - 
Epoch 16/100
2025-04-02 13:57:20,665 - INFO - 训练损失: 0.47nm | 验证损失: 0.35nm
2025-04-02 13:57:20,665 - INFO - 当前MAE: 0.73nm | 最佳MAE: 0.73nm
2025-04-02 13:57:20,666 - INFO - ------------------------------------------------------------
2025-04-02 13:57:20,666 - INFO - 
Epoch 17/100
2025-04-02 13:57:21,136 - INFO - 训练损失: 0.43nm | 验证损失: 0.35nm
2025-04-02 13:57:21,136 - INFO - 当前MAE: 0.75nm | 最佳MAE: 0.73nm
2025-04-02 13:57:21,136 - INFO - ------------------------------------------------------------
2025-04-02 13:57:21,136 - INFO - 
Epoch 18/100
2025-04-02 13:57:21,576 - INFO - 训练损失: 0.45nm | 验证损失: 0.36nm
2025-04-02 13:57:21,576 - INFO - 当前MAE: 0.76nm | 最佳MAE: 0.73nm
2025-04-02 13:57:21,576 - INFO - ------------------------------------------------------------
2025-04-02 13:57:21,576 - INFO - 
Epoch 19/100
2025-04-02 13:57:22,017 - INFO - 训练损失: 0.46nm | 验证损失: 0.40nm
2025-04-02 13:57:22,017 - INFO - 当前MAE: 0.81nm | 最佳MAE: 0.73nm
2025-04-02 13:57:22,017 - INFO - ------------------------------------------------------------
2025-04-02 13:57:22,017 - INFO - 
Epoch 20/100
2025-04-02 13:57:22,460 - INFO - 训练损失: 0.46nm | 验证损失: 0.36nm
2025-04-02 13:57:22,460 - INFO - 当前MAE: 0.74nm | 最佳MAE: 0.73nm
2025-04-02 13:57:22,460 - INFO - ------------------------------------------------------------
2025-04-02 13:57:22,460 - INFO - 
Epoch 21/100
2025-04-02 13:57:22,897 - INFO - 训练损失: 0.46nm | 验证损失: 0.37nm
2025-04-02 13:57:22,897 - INFO - 当前MAE: 0.75nm | 最佳MAE: 0.73nm
2025-04-02 13:57:22,897 - INFO - ------------------------------------------------------------
2025-04-02 13:57:22,897 - INFO - 
Epoch 22/100
2025-04-02 13:57:23,338 - INFO - 训练损失: 0.43nm | 验证损失: 0.36nm
2025-04-02 13:57:23,338 - INFO - 当前MAE: 0.77nm | 最佳MAE: 0.73nm
2025-04-02 13:57:23,338 - INFO - ------------------------------------------------------------
2025-04-02 13:57:23,338 - INFO - 
Epoch 23/100
2025-04-02 13:57:23,777 - INFO - 训练损失: 0.43nm | 验证损失: 0.44nm
2025-04-02 13:57:23,778 - INFO - 当前MAE: 0.80nm | 最佳MAE: 0.73nm
2025-04-02 13:57:23,778 - INFO - ------------------------------------------------------------
2025-04-02 13:57:23,778 - INFO - 
Epoch 24/100
2025-04-02 13:57:24,215 - INFO - 训练损失: 0.47nm | 验证损失: 0.41nm
2025-04-02 13:57:24,215 - INFO - 当前MAE: 0.75nm | 最佳MAE: 0.73nm
2025-04-02 13:57:24,215 - INFO - ------------------------------------------------------------
2025-04-02 13:57:24,215 - INFO - 
Epoch 25/100
2025-04-02 13:57:24,743 - INFO - 训练损失: 0.47nm | 验证损失: 0.38nm
2025-04-02 13:57:24,743 - INFO - 当前MAE: 0.77nm | 最佳MAE: 0.73nm
2025-04-02 13:57:24,743 - INFO - ------------------------------------------------------------
2025-04-02 13:57:24,743 - INFO - 
Epoch 26/100
2025-04-02 13:57:25,210 - INFO - 训练损失: 0.46nm | 验证损失: 0.42nm
2025-04-02 13:57:25,210 - INFO - 当前MAE: 0.80nm | 最佳MAE: 0.73nm
2025-04-02 13:57:25,210 - INFO - ------------------------------------------------------------
2025-04-02 13:57:25,210 - INFO - 
Epoch 27/100
2025-04-02 13:57:25,661 - INFO - 训练损失: 0.47nm | 验证损失: 0.47nm
2025-04-02 13:57:25,661 - INFO - 当前MAE: 0.83nm | 最佳MAE: 0.73nm
2025-04-02 13:57:25,661 - INFO - ------------------------------------------------------------
2025-04-02 13:57:25,661 - INFO - 
Epoch 28/100
2025-04-02 13:57:26,101 - INFO - 训练损失: 0.44nm | 验证损失: 0.51nm
2025-04-02 13:57:26,101 - INFO - 当前MAE: 0.86nm | 最佳MAE: 0.73nm
2025-04-02 13:57:26,101 - INFO - ------------------------------------------------------------
2025-04-02 13:57:26,101 - INFO - 
Epoch 29/100
2025-04-02 13:57:26,536 - INFO - 训练损失: 0.45nm | 验证损失: 0.47nm
2025-04-02 13:57:26,536 - INFO - 当前MAE: 0.85nm | 最佳MAE: 0.73nm
2025-04-02 13:57:26,536 - INFO - ------------------------------------------------------------
2025-04-02 13:57:26,536 - INFO - 
Epoch 30/100
2025-04-02 13:57:26,975 - INFO - 训练损失: 0.44nm | 验证损失: 0.36nm
2025-04-02 13:57:26,975 - INFO - 当前MAE: 0.71nm | 最佳MAE: 0.73nm
2025-04-02 13:57:26,975 - INFO - ------------------------------------------------------------
2025-04-02 13:57:27,003 - INFO - 已删除旧模型: saved_models\base\best_model_epoch14_mae0.73.pth
2025-04-02 13:57:27,303 - INFO - 发现新最佳模型 ➔ 保存至: saved_models\base\best_model_epoch30_mae0.71.pth
2025-04-02 13:57:27,303 - INFO - 
Epoch 31/100
2025-04-02 13:57:27,750 - INFO - 训练损失: 0.47nm | 验证损失: 0.41nm
2025-04-02 13:57:27,750 - INFO - 当前MAE: 0.76nm | 最佳MAE: 0.71nm
2025-04-02 13:57:27,750 - INFO - ------------------------------------------------------------
2025-04-02 13:57:27,750 - INFO - 
Epoch 32/100
2025-04-02 13:57:28,177 - INFO - 训练损失: 0.43nm | 验证损失: 0.25nm
2025-04-02 13:57:28,177 - INFO - 当前MAE: 0.60nm | 最佳MAE: 0.71nm
2025-04-02 13:57:28,177 - INFO - ------------------------------------------------------------
2025-04-02 13:57:28,201 - INFO - 已删除旧模型: saved_models\base\best_model_epoch30_mae0.71.pth
2025-04-02 13:57:28,503 - INFO - 发现新最佳模型 ➔ 保存至: saved_models\base\best_model_epoch32_mae0.60.pth
2025-04-02 13:57:28,504 - INFO - 
Epoch 33/100
2025-04-02 13:57:28,952 - INFO - 训练损失: 0.45nm | 验证损失: 0.44nm
2025-04-02 13:57:28,952 - INFO - 当前MAE: 0.84nm | 最佳MAE: 0.60nm
2025-04-02 13:57:28,952 - INFO - ------------------------------------------------------------
2025-04-02 13:57:28,952 - INFO - 
Epoch 34/100
2025-04-02 13:57:29,385 - INFO - 训练损失: 0.44nm | 验证损失: 0.34nm
2025-04-02 13:57:29,385 - INFO - 当前MAE: 0.69nm | 最佳MAE: 0.60nm
2025-04-02 13:57:29,385 - INFO - ------------------------------------------------------------
2025-04-02 13:57:29,385 - INFO - 
Epoch 35/100
2025-04-02 13:57:29,829 - INFO - 训练损失: 0.46nm | 验证损失: 0.40nm
2025-04-02 13:57:29,829 - INFO - 当前MAE: 0.77nm | 最佳MAE: 0.60nm
2025-04-02 13:57:29,829 - INFO - ------------------------------------------------------------
2025-04-02 13:57:29,829 - INFO - 
Epoch 36/100
2025-04-02 13:57:30,277 - INFO - 训练损失: 0.46nm | 验证损失: 0.36nm
2025-04-02 13:57:30,277 - INFO - 当前MAE: 0.75nm | 最佳MAE: 0.60nm
2025-04-02 13:57:30,277 - INFO - ------------------------------------------------------------
2025-04-02 13:57:30,278 - INFO - 
Epoch 37/100
2025-04-02 13:57:30,728 - INFO - 训练损失: 0.45nm | 验证损失: 0.35nm
2025-04-02 13:57:30,728 - INFO - 当前MAE: 0.74nm | 最佳MAE: 0.60nm
2025-04-02 13:57:30,728 - INFO - ------------------------------------------------------------
2025-04-02 13:57:30,728 - INFO - 
Epoch 38/100
2025-04-02 13:57:31,170 - INFO - 训练损失: 0.45nm | 验证损失: 0.36nm
2025-04-02 13:57:31,170 - INFO - 当前MAE: 0.74nm | 最佳MAE: 0.60nm
2025-04-02 13:57:31,170 - INFO - ------------------------------------------------------------
2025-04-02 13:57:31,170 - INFO - 
Epoch 39/100
2025-04-02 13:57:31,613 - INFO - 训练损失: 0.44nm | 验证损失: 0.36nm
2025-04-02 13:57:31,613 - INFO - 当前MAE: 0.74nm | 最佳MAE: 0.60nm
2025-04-02 13:57:31,613 - INFO - ------------------------------------------------------------
2025-04-02 13:57:31,613 - INFO - 
Epoch 40/100
2025-04-02 13:57:32,060 - INFO - 训练损失: 0.46nm | 验证损失: 0.35nm
2025-04-02 13:57:32,060 - INFO - 当前MAE: 0.69nm | 最佳MAE: 0.60nm
2025-04-02 13:57:32,060 - INFO - ------------------------------------------------------------
2025-04-02 13:57:32,060 - INFO - 
Epoch 41/100
2025-04-02 13:57:32,506 - INFO - 训练损失: 0.45nm | 验证损失: 0.37nm
2025-04-02 13:57:32,506 - INFO - 当前MAE: 0.74nm | 最佳MAE: 0.60nm
2025-04-02 13:57:32,506 - INFO - ------------------------------------------------------------
2025-04-02 13:57:32,506 - INFO - 
Epoch 42/100
2025-04-02 13:57:32,947 - INFO - 训练损失: 0.44nm | 验证损失: 0.37nm
2025-04-02 13:57:32,947 - INFO - 当前MAE: 0.74nm | 最佳MAE: 0.60nm
2025-04-02 13:57:32,947 - INFO - ------------------------------------------------------------
2025-04-02 13:57:32,947 - INFO - 
Epoch 43/100
2025-04-02 13:57:33,394 - INFO - 训练损失: 0.45nm | 验证损失: 0.36nm
2025-04-02 13:57:33,394 - INFO - 当前MAE: 0.73nm | 最佳MAE: 0.60nm
2025-04-02 13:57:33,394 - INFO - ------------------------------------------------------------
2025-04-02 13:57:33,394 - INFO - 
Epoch 44/100
2025-04-02 13:57:33,964 - INFO - 训练损失: 0.44nm | 验证损失: 0.36nm
2025-04-02 13:57:33,964 - INFO - 当前MAE: 0.73nm | 最佳MAE: 0.60nm
2025-04-02 13:57:33,964 - INFO - ------------------------------------------------------------
2025-04-02 13:57:33,964 - INFO - 
Epoch 45/100
2025-04-02 13:57:34,402 - INFO - 训练损失: 0.45nm | 验证损失: 0.35nm
2025-04-02 13:57:34,402 - INFO - 当前MAE: 0.73nm | 最佳MAE: 0.60nm
2025-04-02 13:57:34,402 - INFO - ------------------------------------------------------------
2025-04-02 13:57:34,402 - INFO - 
Epoch 46/100
2025-04-02 13:57:34,837 - INFO - 训练损失: 0.44nm | 验证损失: 0.36nm
2025-04-02 13:57:34,837 - INFO - 当前MAE: 0.74nm | 最佳MAE: 0.60nm
2025-04-02 13:57:34,838 - INFO - ------------------------------------------------------------
2025-04-02 13:57:34,838 - INFO - 
Epoch 47/100
2025-04-02 13:57:35,275 - INFO - 训练损失: 0.45nm | 验证损失: 0.35nm
2025-04-02 13:57:35,275 - INFO - 当前MAE: 0.72nm | 最佳MAE: 0.60nm
2025-04-02 13:57:35,275 - INFO - ------------------------------------------------------------
2025-04-02 13:57:35,275 - INFO - 
Epoch 48/100
2025-04-02 13:57:35,719 - INFO - 训练损失: 0.44nm | 验证损失: 0.36nm
2025-04-02 13:57:35,719 - INFO - 当前MAE: 0.73nm | 最佳MAE: 0.60nm
2025-04-02 13:57:35,719 - INFO - ------------------------------------------------------------
2025-04-02 13:57:35,719 - INFO - 
Epoch 49/100
2025-04-02 13:57:36,157 - INFO - 训练损失: 0.43nm | 验证损失: 0.37nm
2025-04-02 13:57:36,157 - INFO - 当前MAE: 0.74nm | 最佳MAE: 0.60nm
2025-04-02 13:57:36,157 - INFO - ------------------------------------------------------------
2025-04-02 13:57:36,157 - INFO - 
Epoch 50/100
2025-04-02 13:57:36,605 - INFO - 训练损失: 0.43nm | 验证损失: 0.35nm
2025-04-02 13:57:36,605 - INFO - 当前MAE: 0.71nm | 最佳MAE: 0.60nm
2025-04-02 13:57:36,605 - INFO - ------------------------------------------------------------
2025-04-02 13:57:36,605 - INFO - 
Epoch 51/100
2025-04-02 13:57:37,049 - INFO - 训练损失: 0.44nm | 验证损失: 0.35nm
2025-04-02 13:57:37,049 - INFO - 当前MAE: 0.73nm | 最佳MAE: 0.60nm
2025-04-02 13:57:37,049 - INFO - ------------------------------------------------------------
2025-04-02 13:57:37,049 - INFO - 
Epoch 52/100
2025-04-02 13:57:37,495 - INFO - 训练损失: 0.44nm | 验证损失: 0.36nm
2025-04-02 13:57:37,495 - INFO - 当前MAE: 0.75nm | 最佳MAE: 0.60nm
2025-04-02 13:57:37,495 - INFO - ------------------------------------------------------------
2025-04-02 13:57:37,495 - INFO - 
Epoch 53/100
2025-04-02 13:57:37,936 - INFO - 训练损失: 0.44nm | 验证损失: 0.38nm
2025-04-02 13:57:37,936 - INFO - 当前MAE: 0.75nm | 最佳MAE: 0.60nm
2025-04-02 13:57:37,936 - INFO - ------------------------------------------------------------
2025-04-02 13:57:37,936 - INFO - 
Epoch 54/100
2025-04-02 13:57:38,380 - INFO - 训练损失: 0.46nm | 验证损失: 0.36nm
2025-04-02 13:57:38,380 - INFO - 当前MAE: 0.74nm | 最佳MAE: 0.60nm
2025-04-02 13:57:38,380 - INFO - ------------------------------------------------------------
2025-04-02 13:57:38,380 - INFO - 
Epoch 55/100
2025-04-02 13:57:38,827 - INFO - 训练损失: 0.45nm | 验证损失: 0.35nm
2025-04-02 13:57:38,828 - INFO - 当前MAE: 0.75nm | 最佳MAE: 0.60nm
2025-04-02 13:57:38,828 - INFO - ------------------------------------------------------------
2025-04-02 13:57:38,828 - INFO - 
Epoch 56/100
2025-04-02 13:57:39,271 - INFO - 训练损失: 0.43nm | 验证损失: 0.36nm
2025-04-02 13:57:39,271 - INFO - 当前MAE: 0.76nm | 最佳MAE: 0.60nm
2025-04-02 13:57:39,271 - INFO - ------------------------------------------------------------
2025-04-02 13:57:39,271 - INFO - 
Epoch 57/100
2025-04-02 13:57:39,706 - INFO - 训练损失: 0.44nm | 验证损失: 0.36nm
2025-04-02 13:57:39,706 - INFO - 当前MAE: 0.74nm | 最佳MAE: 0.60nm
2025-04-02 13:57:39,706 - INFO - ------------------------------------------------------------
2025-04-02 13:57:39,706 - INFO - 
Epoch 58/100
2025-04-02 13:57:40,162 - INFO - 训练损失: 0.45nm | 验证损失: 0.36nm
2025-04-02 13:57:40,162 - INFO - 当前MAE: 0.75nm | 最佳MAE: 0.60nm
2025-04-02 13:57:40,162 - INFO - ------------------------------------------------------------
2025-04-02 13:57:40,162 - INFO - 
Epoch 59/100
2025-04-02 13:57:40,606 - INFO - 训练损失: 0.45nm | 验证损失: 0.35nm
2025-04-02 13:57:40,606 - INFO - 当前MAE: 0.73nm | 最佳MAE: 0.60nm
2025-04-02 13:57:40,606 - INFO - ------------------------------------------------------------
2025-04-02 13:57:40,606 - INFO - 
Epoch 60/100
2025-04-02 13:57:41,052 - INFO - 训练损失: 0.46nm | 验证损失: 0.36nm
2025-04-02 13:57:41,052 - INFO - 当前MAE: 0.75nm | 最佳MAE: 0.60nm
2025-04-02 13:57:41,052 - INFO - ------------------------------------------------------------
2025-04-02 13:57:41,052 - INFO - 
Epoch 61/100
2025-04-02 13:57:41,498 - INFO - 训练损失: 0.44nm | 验证损失: 0.34nm
2025-04-02 13:57:41,499 - INFO - 当前MAE: 0.72nm | 最佳MAE: 0.60nm
2025-04-02 13:57:41,499 - INFO - ------------------------------------------------------------
2025-04-02 13:57:41,499 - INFO - 
Epoch 62/100
2025-04-02 13:57:41,951 - INFO - 训练损失: 0.46nm | 验证损失: 0.35nm
2025-04-02 13:57:41,951 - INFO - 当前MAE: 0.74nm | 最佳MAE: 0.60nm
2025-04-02 13:57:41,951 - INFO - ------------------------------------------------------------
2025-04-02 13:57:41,952 - INFO - 
Epoch 63/100
2025-04-02 13:57:42,397 - INFO - 训练损失: 0.46nm | 验证损失: 0.37nm
2025-04-02 13:57:42,397 - INFO - 当前MAE: 0.75nm | 最佳MAE: 0.60nm
2025-04-02 13:57:42,397 - INFO - ------------------------------------------------------------
2025-04-02 13:57:42,397 - INFO - 
Epoch 64/100
2025-04-02 13:57:42,846 - INFO - 训练损失: 0.45nm | 验证损失: 0.35nm
2025-04-02 13:57:42,846 - INFO - 当前MAE: 0.73nm | 最佳MAE: 0.60nm
2025-04-02 13:57:42,846 - INFO - ------------------------------------------------------------
2025-04-02 13:57:42,846 - INFO - 
Epoch 65/100
2025-04-02 13:57:43,292 - INFO - 训练损失: 0.45nm | 验证损失: 0.36nm
2025-04-02 13:57:43,292 - INFO - 当前MAE: 0.73nm | 最佳MAE: 0.60nm
2025-04-02 13:57:43,294 - INFO - ------------------------------------------------------------
2025-04-02 13:57:43,294 - INFO - 
Epoch 66/100
2025-04-02 13:57:43,740 - INFO - 训练损失: 0.44nm | 验证损失: 0.35nm
2025-04-02 13:57:43,740 - INFO - 当前MAE: 0.74nm | 最佳MAE: 0.60nm
2025-04-02 13:57:43,740 - INFO - ------------------------------------------------------------
2025-04-02 13:57:43,740 - INFO - 
Epoch 67/100
2025-04-02 13:57:44,176 - INFO - 训练损失: 0.45nm | 验证损失: 0.34nm
2025-04-02 13:57:44,177 - INFO - 当前MAE: 0.71nm | 最佳MAE: 0.60nm
2025-04-02 13:57:44,177 - INFO - ------------------------------------------------------------
2025-04-02 13:57:44,177 - INFO - 
Epoch 68/100
2025-04-02 13:57:44,624 - INFO - 训练损失: 0.44nm | 验证损失: 0.34nm
2025-04-02 13:57:44,624 - INFO - 当前MAE: 0.73nm | 最佳MAE: 0.60nm
2025-04-02 13:57:44,624 - INFO - ------------------------------------------------------------
2025-04-02 13:57:44,624 - INFO - 
Epoch 69/100
2025-04-02 13:57:45,066 - INFO - 训练损失: 0.44nm | 验证损失: 0.36nm
2025-04-02 13:57:45,066 - INFO - 当前MAE: 0.74nm | 最佳MAE: 0.60nm
2025-04-02 13:57:45,066 - INFO - ------------------------------------------------------------
2025-04-02 13:57:45,066 - INFO - 
Epoch 70/100
2025-04-02 13:57:45,511 - INFO - 训练损失: 0.44nm | 验证损失: 0.36nm
2025-04-02 13:57:45,511 - INFO - 当前MAE: 0.74nm | 最佳MAE: 0.60nm
2025-04-02 13:57:45,511 - INFO - ------------------------------------------------------------
2025-04-02 13:57:45,511 - INFO - 
Epoch 71/100
2025-04-02 13:57:45,960 - INFO - 训练损失: 0.45nm | 验证损失: 0.36nm
2025-04-02 13:57:45,960 - INFO - 当前MAE: 0.76nm | 最佳MAE: 0.60nm
2025-04-02 13:57:45,960 - INFO - ------------------------------------------------------------
2025-04-02 13:57:45,960 - INFO - 
Epoch 72/100
2025-04-02 13:57:46,402 - INFO - 训练损失: 0.44nm | 验证损失: 0.34nm
2025-04-02 13:57:46,402 - INFO - 当前MAE: 0.72nm | 最佳MAE: 0.60nm
2025-04-02 13:57:46,402 - INFO - ------------------------------------------------------------
2025-04-02 13:57:46,403 - INFO - 
Epoch 73/100
2025-04-02 13:57:46,853 - INFO - 训练损失: 0.45nm | 验证损失: 0.36nm
2025-04-02 13:57:46,853 - INFO - 当前MAE: 0.75nm | 最佳MAE: 0.60nm
2025-04-02 13:57:46,853 - INFO - ------------------------------------------------------------
2025-04-02 13:57:46,853 - INFO - 
Epoch 74/100
2025-04-02 13:57:47,296 - INFO - 训练损失: 0.45nm | 验证损失: 0.35nm
2025-04-02 13:57:47,298 - INFO - 当前MAE: 0.73nm | 最佳MAE: 0.60nm
2025-04-02 13:57:47,298 - INFO - ------------------------------------------------------------
2025-04-02 13:57:47,298 - INFO - 
Epoch 75/100
2025-04-02 13:57:47,740 - INFO - 训练损失: 0.44nm | 验证损失: 0.34nm
2025-04-02 13:57:47,740 - INFO - 当前MAE: 0.71nm | 最佳MAE: 0.60nm
2025-04-02 13:57:47,740 - INFO - ------------------------------------------------------------
2025-04-02 13:57:47,740 - INFO - 
Epoch 76/100
2025-04-02 13:57:48,187 - INFO - 训练损失: 0.45nm | 验证损失: 0.36nm
2025-04-02 13:57:48,187 - INFO - 当前MAE: 0.74nm | 最佳MAE: 0.60nm
2025-04-02 13:57:48,187 - INFO - ------------------------------------------------------------
2025-04-02 13:57:48,187 - INFO - 
Epoch 77/100
2025-04-02 13:57:48,662 - INFO - 训练损失: 0.44nm | 验证损失: 0.36nm
2025-04-02 13:57:48,662 - INFO - 当前MAE: 0.74nm | 最佳MAE: 0.60nm
2025-04-02 13:57:48,663 - INFO - ------------------------------------------------------------
2025-04-02 13:57:48,663 - INFO - 
Epoch 78/100
2025-04-02 13:57:49,117 - INFO - 训练损失: 0.44nm | 验证损失: 0.36nm
2025-04-02 13:57:49,117 - INFO - 当前MAE: 0.73nm | 最佳MAE: 0.60nm
2025-04-02 13:57:49,117 - INFO - ------------------------------------------------------------
2025-04-02 13:57:49,117 - INFO - 
Epoch 79/100
2025-04-02 13:57:49,579 - INFO - 训练损失: 0.45nm | 验证损失: 0.34nm
2025-04-02 13:57:49,579 - INFO - 当前MAE: 0.73nm | 最佳MAE: 0.60nm
2025-04-02 13:57:49,579 - INFO - ------------------------------------------------------------
2025-04-02 13:57:49,579 - INFO - 
Epoch 80/100
2025-04-02 13:57:50,025 - INFO - 训练损失: 0.44nm | 验证损失: 0.34nm
2025-04-02 13:57:50,025 - INFO - 当前MAE: 0.72nm | 最佳MAE: 0.60nm
2025-04-02 13:57:50,025 - INFO - ------------------------------------------------------------
2025-04-02 13:57:50,025 - INFO - 
Epoch 81/100
2025-04-02 13:57:50,476 - INFO - 训练损失: 0.44nm | 验证损失: 0.34nm
2025-04-02 13:57:50,476 - INFO - 当前MAE: 0.69nm | 最佳MAE: 0.60nm
2025-04-02 13:57:50,476 - INFO - ------------------------------------------------------------
2025-04-02 13:57:50,476 - INFO - 
Epoch 82/100
2025-04-02 13:57:50,926 - INFO - 训练损失: 0.44nm | 验证损失: 0.35nm
2025-04-02 13:57:50,927 - INFO - 当前MAE: 0.73nm | 最佳MAE: 0.60nm
2025-04-02 13:57:50,927 - INFO - ------------------------------------------------------------
2025-04-02 13:57:50,927 - INFO - 
Epoch 83/100
2025-04-02 13:57:51,375 - INFO - 训练损失: 0.44nm | 验证损失: 0.37nm
2025-04-02 13:57:51,375 - INFO - 当前MAE: 0.75nm | 最佳MAE: 0.60nm
2025-04-02 13:57:51,375 - INFO - ------------------------------------------------------------
2025-04-02 13:57:51,375 - INFO - 
Epoch 84/100
2025-04-02 13:57:51,827 - INFO - 训练损失: 0.44nm | 验证损失: 0.36nm
2025-04-02 13:57:51,827 - INFO - 当前MAE: 0.75nm | 最佳MAE: 0.60nm
2025-04-02 13:57:51,827 - INFO - ------------------------------------------------------------
2025-04-02 13:57:51,827 - INFO - 
Epoch 85/100
2025-04-02 13:57:52,273 - INFO - 训练损失: 0.44nm | 验证损失: 0.36nm
2025-04-02 13:57:52,273 - INFO - 当前MAE: 0.74nm | 最佳MAE: 0.60nm
2025-04-02 13:57:52,273 - INFO - ------------------------------------------------------------
2025-04-02 13:57:52,273 - INFO - 
Epoch 86/100
2025-04-02 13:57:52,728 - INFO - 训练损失: 0.44nm | 验证损失: 0.35nm
2025-04-02 13:57:52,728 - INFO - 当前MAE: 0.73nm | 最佳MAE: 0.60nm
2025-04-02 13:57:52,728 - INFO - ------------------------------------------------------------
2025-04-02 13:57:52,728 - INFO - 
Epoch 87/100
2025-04-02 13:57:53,179 - INFO - 训练损失: 0.45nm | 验证损失: 0.35nm
2025-04-02 13:57:53,179 - INFO - 当前MAE: 0.71nm | 最佳MAE: 0.60nm
2025-04-02 13:57:53,179 - INFO - ------------------------------------------------------------
2025-04-02 13:57:53,179 - INFO - 
Epoch 88/100
2025-04-02 13:57:53,622 - INFO - 训练损失: 0.44nm | 验证损失: 0.36nm
2025-04-02 13:57:53,622 - INFO - 当前MAE: 0.73nm | 最佳MAE: 0.60nm
2025-04-02 13:57:53,622 - INFO - ------------------------------------------------------------
2025-04-02 13:57:53,622 - INFO - 
Epoch 89/100
2025-04-02 13:57:54,075 - INFO - 训练损失: 0.44nm | 验证损失: 0.37nm
2025-04-02 13:57:54,075 - INFO - 当前MAE: 0.74nm | 最佳MAE: 0.60nm
2025-04-02 13:57:54,075 - INFO - ------------------------------------------------------------
2025-04-02 13:57:54,075 - INFO - 
Epoch 90/100
2025-04-02 13:57:54,530 - INFO - 训练损失: 0.44nm | 验证损失: 0.36nm
2025-04-02 13:57:54,530 - INFO - 当前MAE: 0.74nm | 最佳MAE: 0.60nm
2025-04-02 13:57:54,530 - INFO - ------------------------------------------------------------
2025-04-02 13:57:54,530 - INFO - 
Epoch 91/100
2025-04-02 13:57:54,980 - INFO - 训练损失: 0.45nm | 验证损失: 0.34nm
2025-04-02 13:57:54,980 - INFO - 当前MAE: 0.71nm | 最佳MAE: 0.60nm
2025-04-02 13:57:54,980 - INFO - ------------------------------------------------------------
2025-04-02 13:57:54,980 - INFO - 
Epoch 92/100
2025-04-02 13:57:55,433 - INFO - 训练损失: 0.44nm | 验证损失: 0.37nm
2025-04-02 13:57:55,433 - INFO - 当前MAE: 0.75nm | 最佳MAE: 0.60nm
2025-04-02 13:57:55,433 - INFO - ------------------------------------------------------------
2025-04-02 13:57:55,433 - INFO - 
Epoch 93/100
2025-04-02 13:57:55,894 - INFO - 训练损失: 0.44nm | 验证损失: 0.36nm
2025-04-02 13:57:55,894 - INFO - 当前MAE: 0.73nm | 最佳MAE: 0.60nm
2025-04-02 13:57:55,894 - INFO - ------------------------------------------------------------
2025-04-02 13:57:55,894 - INFO - 
Epoch 94/100
2025-04-02 13:57:56,342 - INFO - 训练损失: 0.45nm | 验证损失: 0.35nm
2025-04-02 13:57:56,342 - INFO - 当前MAE: 0.73nm | 最佳MAE: 0.60nm
2025-04-02 13:57:56,342 - INFO - ------------------------------------------------------------
2025-04-02 13:57:56,343 - INFO - 
Epoch 95/100
2025-04-02 13:57:56,791 - INFO - 训练损失: 0.45nm | 验证损失: 0.35nm
2025-04-02 13:57:56,791 - INFO - 当前MAE: 0.73nm | 最佳MAE: 0.60nm
2025-04-02 13:57:56,791 - INFO - ------------------------------------------------------------
2025-04-02 13:57:56,791 - INFO - 
Epoch 96/100
2025-04-02 13:57:57,245 - INFO - 训练损失: 0.44nm | 验证损失: 0.36nm
2025-04-02 13:57:57,245 - INFO - 当前MAE: 0.74nm | 最佳MAE: 0.60nm
2025-04-02 13:57:57,245 - INFO - ------------------------------------------------------------
2025-04-02 13:57:57,245 - INFO - 
Epoch 97/100
2025-04-02 13:57:57,695 - INFO - 训练损失: 0.43nm | 验证损失: 0.35nm
2025-04-02 13:57:57,695 - INFO - 当前MAE: 0.73nm | 最佳MAE: 0.60nm
2025-04-02 13:57:57,696 - INFO - ------------------------------------------------------------
2025-04-02 13:57:57,696 - INFO - 
Epoch 98/100
2025-04-02 13:57:58,150 - INFO - 训练损失: 0.45nm | 验证损失: 0.36nm
2025-04-02 13:57:58,150 - INFO - 当前MAE: 0.74nm | 最佳MAE: 0.60nm
2025-04-02 13:57:58,150 - INFO - ------------------------------------------------------------
2025-04-02 13:57:58,150 - INFO - 
Epoch 99/100
2025-04-02 13:57:58,599 - INFO - 训练损失: 0.43nm | 验证损失: 0.33nm
2025-04-02 13:57:58,599 - INFO - 当前MAE: 0.68nm | 最佳MAE: 0.60nm
2025-04-02 13:57:58,599 - INFO - ------------------------------------------------------------
2025-04-02 13:57:58,599 - INFO - 
Epoch 100/100
2025-04-02 13:57:59,049 - INFO - 训练损失: 0.44nm | 验证损失: 0.36nm
2025-04-02 13:57:59,049 - INFO - 当前MAE: 0.75nm | 最佳MAE: 0.60nm
2025-04-02 13:57:59,049 - INFO - ------------------------------------------------------------
2025-04-02 13:57:59,050 - INFO - 
============================================================ 训练完成 ============================================================
2025-04-02 13:57:59,050 - INFO - 最佳MAE: 0.60nm
2025-04-02 13:57:59,051 - INFO - 模型路径: saved_models\base\best_model_epoch32_mae0.60.pth
